[debug] [2022-06-25T10:07:06.233Z] ----------------------------------------------------------------------
[debug] [2022-06-25T10:07:06.236Z] Command:       C:\Users\jeang\DOWNLO~1\firebase-tools-instant-win.exe C:\Users\jeang\.cache\firebase\tools\lib\node_modules\firebase-tools\lib\bin\firebase init
[debug] [2022-06-25T10:07:06.236Z] CLI Version:   11.1.0
[debug] [2022-06-25T10:07:06.236Z] Platform:      win32
[debug] [2022-06-25T10:07:06.236Z] Node Version:  v16.15.0
[debug] [2022-06-25T10:07:06.238Z] Time:          Sat Jun 25 2022 07:07:06 GMT-0300 (GMT-03:00)
[debug] [2022-06-25T10:07:06.238Z] ----------------------------------------------------------------------
[debug] 
[debug] [2022-06-25T10:07:06.324Z] > command requires scopes: ["email","openid","https://www.googleapis.com/auth/cloudplatformprojects.readonly","https://www.googleapis.com/auth/firebase","https://www.googleapis.com/auth/cloud-platform"]
[debug] [2022-06-25T10:07:06.324Z] > authorizing via signed-in user (jeangabrielslima@gmail.com)
[info] 
     ######## #### ########  ######## ########     ###     ######  ########
     ##        ##  ##     ## ##       ##     ##  ##   ##  ##       ##
     ######    ##  ########  ######   ########  #########  ######  ######
     ##        ##  ##    ##  ##       ##     ## ##     ##       ## ##
     ##       #### ##     ## ######## ########  ##     ##  ######  ########

You're about to initialize a Firebase project in this directory:

  C:\Users\jeang\OneDrive\Área de Trabalho\CurriculoWeb

Before we get started, keep in mind:

  * You are initializing within an existing Firebase project directory

[info] 
=== Project Setup
[info] 
[info] First, let's associate this project directory with a Firebase project.
[info] You can create multiple project aliases by running firebase use --add, 
[info] but for now we'll just set up a default project.
[info] 
[debug] [2022-06-25T10:07:48.192Z] Using project from CLI flag: curriculojeangabriel
[debug] [2022-06-25T10:07:48.196Z] >>> [apiv2][query] GET https://firebase.googleapis.com/v1beta1/projects/curriculojeangabriel [none]
[debug] [2022-06-25T10:07:49.357Z] <<< [apiv2][status] GET https://firebase.googleapis.com/v1beta1/projects/curriculojeangabriel 200
[debug] [2022-06-25T10:07:49.358Z] <<< [apiv2][body] GET https://firebase.googleapis.com/v1beta1/projects/curriculojeangabriel {"projectId":"curriculojeangabriel","projectNumber":"617972780928","displayName":"curriculojeangabriel","name":"projects/curriculojeangabriel","resources":{"hostingSite":"curriculojeangabriel","storageBucket":"curriculojeangabriel.appspot.com","locationId":"us-central"},"state":"ACTIVE"}
[info] i  Using project curriculojeangabriel (curriculojeangabriel) 
[info] 
=== Hosting Setup
[info] 
[info] Your public directory is the folder (relative to your project directory) that
[info] will contain Hosting assets to be uploaded with firebase deploy. If you
[info] have a build process for your assets, use your build's output directory.
[info] 
[info] i  Skipping write of public/404.html 
[debug] [2022-06-25T10:08:28.987Z] >>> [apiv2][query] GET https://www.gstatic.com/firebasejs/releases.json [none]
[debug] [2022-06-25T10:08:29.855Z] <<< [apiv2][status] GET https://www.gstatic.com/firebasejs/releases.json 200
[debug] [2022-06-25T10:08:29.855Z] <<< [apiv2][body] GET https://www.gstatic.com/firebasejs/releases.json {"current":{"version":"9.8.4","browserURL":"https://www.gstatic.com/firebasejs/9.8.4/firebase.js","packageURL":"https://www.gstatic.com/firebasejs/9.8.4/firebase.tgz"},"live":{"version":"9.8","browserURL":"https://www.gstatic.com/firebasejs/live/9.8/firebase.js","packageURL":"https://www.gstatic.com/firebasejs/live/9.8/firebase.tgz"},"components":{"analytics":"https://www.gstatic.com/firebasejs/9.8.4/firebase-analytics.js","app":"https://www.gstatic.com/firebasejs/9.8.4/firebase-app.js","app-check":"https://www.gstatic.com/firebasejs/9.8.4/firebase-app-check.js","auth":"https://www.gstatic.com/firebasejs/9.8.4/firebase-auth.js","auth/cordova":"https://www.gstatic.com/firebasejs/9.8.4/firebase-auth/cordova.js","auth/react-native":"https://www.gstatic.com/firebasejs/9.8.4/firebase-auth/react-native.js","functions":"https://www.gstatic.com/firebasejs/9.8.4/firebase-functions.js","firestore":"https://www.gstatic.com/firebasejs/9.8.4/firebase-firestore.js","firestore/lite":"https://www.gstatic.com/firebasejs/9.8.4/firebase-firestore/lite.js","storage":"https://www.gstatic.com/firebasejs/9.8.4/firebase-storage.js","performance":"https://www.gstatic.com/firebasejs/9.8.4/firebase-performance.js","remote-config":"https://www.gstatic.com/firebasejs/9.8.4/firebase-remote-config.js","messaging":"https://www.gstatic.com/firebasejs/9.8.4/firebase-messaging.js","messaging/sw":"https://www.gstatic.com/firebasejs/9.8.4/firebase-messaging/sw.js","database":"https://www.gstatic.com/firebasejs/9.8.4/firebase-database.js","firestore.memory":"https://www.gstatic.com/firebasejs/9.8.4/firebase-firestore.memory.js"}}
[info] i  Skipping write of public/index.html 
[info] 
[info] i  Didn't detect a .git folder. Assuming C:\Users\jeang\OneDrive\Área de Trabalho\CurriculoWeb is the project root. 
[info] i  Authorizing with GitHub to upload your service account to a GitHub repository's secrets store. 
[info] 
[info] Visit this URL on this device to log in:
[info] https://github.com/login/oauth/authorize?client_id=89cf50f02ac6aaed3484&state=572972911&redirect_uri=http%3A%2F%2Flocalhost%3A9005&scope=read%3Auser%20repo%20public_repo
[info] 
[info] Waiting for authentication...
[debug] [2022-06-25T10:08:49.905Z] >>> [apiv2][query] POST https://github.com/login/oauth/access_token [none]
[debug] [2022-06-25T10:08:49.905Z] >>> [apiv2][body] POST https://github.com/login/oauth/access_token [stream]
[debug] [2022-06-25T10:08:50.224Z] <<< [apiv2][status] POST https://github.com/login/oauth/access_token 200
[debug] [2022-06-25T10:08:50.225Z] <<< [apiv2][body] POST https://github.com/login/oauth/access_token {"access_token":"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","token_type":"bearer","scope":"read:user,repo"}
[debug] [2022-06-25T10:08:50.244Z] >>> [apiv2][query] GET https://api.github.com/user [none]
[debug] [2022-06-25T10:08:50.576Z] <<< [apiv2][status] GET https://api.github.com/user 200
[debug] [2022-06-25T10:08:50.577Z] <<< [apiv2][body] GET https://api.github.com/user {"login":"JeanGabrielSilva","id":107358955,"node_id":"U_kgDOBmYq6w","avatar_url":"https://avatars.githubusercontent.com/u/107358955?v=4","gravatar_id":"","url":"https://api.github.com/users/JeanGabrielSilva","html_url":"https://github.com/JeanGabrielSilva","followers_url":"https://api.github.com/users/JeanGabrielSilva/followers","following_url":"https://api.github.com/users/JeanGabrielSilva/following{/other_user}","gists_url":"https://api.github.com/users/JeanGabrielSilva/gists{/gist_id}","starred_url":"https://api.github.com/users/JeanGabrielSilva/starred{/owner}{/repo}","subscriptions_url":"https://api.github.com/users/JeanGabrielSilva/subscriptions","organizations_url":"https://api.github.com/users/JeanGabrielSilva/orgs","repos_url":"https://api.github.com/users/JeanGabrielSilva/repos","events_url":"https://api.github.com/users/JeanGabrielSilva/events{/privacy}","received_events_url":"https://api.github.com/users/JeanGabrielSilva/received_events","type":"User","site_admin":false,"name":null,"company":null,"blog":"","location":null,"email":null,"hireable":null,"bio":null,"twitter_username":null,"public_repos":1,"public_gists":0,"followers":0,"following":0,"created_at":"2022-06-12T14:59:33Z","updated_at":"2022-06-16T14:42:07Z","private_gists":0,"total_private_repos":0,"owned_private_repos":0,"disk_usage":1,"collaborators":0,"two_factor_authentication":false,"plan":{"name":"free","space":976562499,"collaborators":0,"private_repos":10000}}
[info] 
[info] +  Success! Logged into GitHub as JeanGabrielSilva 
[info] 
